<?xml version="1.0" encoding="UTF-8"?>
<!-- Generated by org.testng.reporters.JUnitXMLReporter -->
<testsuite ignored="2" hostname="DESKTOP-7IL8GUR" failures="0" tests="5" name="Test - All Groups  Parameters" time="0.568" errors="0" timestamp="2025-03-24T09:45:25 IST">
  <testcase classname="Practice.Orders" name="test1" time="0.005"/>
  <testcase classname="Practice.Orders" name="test2" time="0.058"/>
  <testcase classname="Practice.Orders" name="test3" time="0.022"/>
  <testcase classname="Practice.Orders" name="test4" time="0.004"/>
  <testcase classname="Practice.Orders" name="test7" time="0.066"/>
  <testcase classname="Practice.Orders" name="test6" time="0.0">
    <ignored/>
  </testcase> <!-- test6 -->
  <testcase classname="Practice.Orders" name="test5" time="0.0">
    <ignored/>
  </testcase> <!-- test5 -->
</testsuite> <!-- Test - All Groups  Parameters -->
