<?xml version="1.0" encoding="UTF-8"?>
<!-- Generated by org.testng.reporters.JUnitXMLReporter -->
<testsuite ignored="4" hostname="DESKTOP-7IL8GUR" failures="0" tests="3" name="Test - Group 1 Only" time="1.247" errors="0" timestamp="2025-03-24T09:45:24 IST">
  <testcase classname="Practice.Orders" name="test1" time="0.09"/>
  <testcase classname="Practice.Orders" name="test2" time="0.051"/>
  <testcase classname="Practice.Orders" name="test4" time="0.022"/>
  <testcase classname="Practice.Orders" name="test5" time="0.0">
    <ignored/>
  </testcase> <!-- test5 -->
  <testcase classname="Practice.Orders" name="test3" time="0.0">
    <ignored/>
  </testcase> <!-- test3 -->
  <testcase classname="Practice.Orders" name="test7" time="0.0">
    <ignored/>
  </testcase> <!-- test7 -->
  <testcase classname="Practice.Orders" name="test6" time="0.0">
    <ignored/>
  </testcase> <!-- test6 -->
</testsuite> <!-- Test - Group 1 Only -->
