<?xml version="1.0" encoding="UTF-8"?>
<!-- Generated by org.testng.reporters.JUnitXMLReporter -->
<testsuite ignored="5" hostname="DESKTOP-7IL8GUR" failures="0" tests="2" name="Test - Group 2 Only" time="0.183" errors="0" timestamp="2025-03-24T09:45:25 IST">
  <testcase classname="Practice.Orders" name="test3" time="0.027"/>
  <testcase classname="Practice.Orders" name="test4" time="0.023"/>
  <testcase classname="Practice.Orders" name="test7" time="0.0">
    <ignored/>
  </testcase> <!-- test7 -->
  <testcase classname="Practice.Orders" name="test6" time="0.0">
    <ignored/>
  </testcase> <!-- test6 -->
  <testcase classname="Practice.Orders" name="test5" time="0.0">
    <ignored/>
  </testcase> <!-- test5 -->
  <testcase classname="Practice.Orders" name="test2" time="0.0">
    <ignored/>
  </testcase> <!-- test2 -->
  <testcase classname="Practice.Orders" name="test1" time="0.0">
    <ignored/>
  </testcase> <!-- test1 -->
</testsuite> <!-- Test - Group 2 Only -->
