<?xml version="1.0" encoding="UTF-8"?>
<testng-results ignored="0" total="3" passed="3" failed="0" skipped="0">
  <reporter-output>
  </reporter-output>
  <suite started-at="2025-03-25T16:23:48 IST" name="ExcelDataProviderSuite" finished-at="2025-03-25T16:24:56 IST" duration-ms="67632">
    <groups>
    </groups>
    <test started-at="2025-03-25T16:23:48 IST" name="BingSearchTest" finished-at="2025-03-25T16:24:56 IST" duration-ms="67632">
      <class name="Excelexample.Dataproviderclass">
        <test-method is-config="true" signature="setup()[pri:0, instance:Excelexample.Dataproviderclass@411f53a0]" started-at="2025-03-25T16:23:52 IST" name="setup" finished-at="2025-03-25T16:24:05 IST" duration-ms="13048" status="PASS">
          <reporter-output>
          </reporter-output>
        </test-method> <!-- setup -->
        <test-method signature="search(java.lang.String)[pri:0, instance:Excelexample.Dataproviderclass@411f53a0]" started-at="2025-03-25T16:24:05 IST" name="search" data-provider="exceldata" finished-at="2025-03-25T16:24:15 IST" duration-ms="9739" status="PASS">
          <params>
            <param index="0">
              <value>
                <![CDATA[testng]]>
              </value>
            </param>
          </params>
          <reporter-output>
          </reporter-output>
        </test-method> <!-- search -->
        <test-method is-config="true" signature="teardown()[pri:0, instance:Excelexample.Dataproviderclass@411f53a0]" started-at="2025-03-25T16:24:15 IST" name="teardown" finished-at="2025-03-25T16:24:17 IST" duration-ms="2502" status="PASS">
          <reporter-output>
          </reporter-output>
        </test-method> <!-- teardown -->
        <test-method is-config="true" signature="setup()[pri:0, instance:Excelexample.Dataproviderclass@411f53a0]" started-at="2025-03-25T16:24:17 IST" name="setup" finished-at="2025-03-25T16:24:26 IST" duration-ms="8385" status="PASS">
          <reporter-output>
          </reporter-output>
        </test-method> <!-- setup -->
        <test-method signature="search(java.lang.String)[pri:0, instance:Excelexample.Dataproviderclass@411f53a0]" started-at="2025-03-25T16:24:26 IST" name="search" data-provider="exceldata" finished-at="2025-03-25T16:24:33 IST" duration-ms="7403" status="PASS">
          <params>
            <param index="0">
              <value>
                <![CDATA[java]]>
              </value>
            </param>
          </params>
          <reporter-output>
          </reporter-output>
        </test-method> <!-- search -->
        <test-method is-config="true" signature="teardown()[pri:0, instance:Excelexample.Dataproviderclass@411f53a0]" started-at="2025-03-25T16:24:33 IST" name="teardown" finished-at="2025-03-25T16:24:35 IST" duration-ms="1703" status="PASS">
          <reporter-output>
          </reporter-output>
        </test-method> <!-- teardown -->
        <test-method is-config="true" signature="setup()[pri:0, instance:Excelexample.Dataproviderclass@411f53a0]" started-at="2025-03-25T16:24:35 IST" name="setup" finished-at="2025-03-25T16:24:43 IST" duration-ms="7905" status="PASS">
          <reporter-output>
          </reporter-output>
        </test-method> <!-- setup -->
        <test-method signature="search(java.lang.String)[pri:0, instance:Excelexample.Dataproviderclass@411f53a0]" started-at="2025-03-25T16:24:43 IST" name="search" data-provider="exceldata" finished-at="2025-03-25T16:24:54 IST" duration-ms="11079" status="PASS">
          <params>
            <param index="0">
              <value>
                <![CDATA[python]]>
              </value>
            </param>
          </params>
          <reporter-output>
          </reporter-output>
        </test-method> <!-- search -->
        <test-method is-config="true" signature="teardown()[pri:0, instance:Excelexample.Dataproviderclass@411f53a0]" started-at="2025-03-25T16:24:54 IST" name="teardown" finished-at="2025-03-25T16:24:56 IST" duration-ms="1825" status="PASS">
          <reporter-output>
          </reporter-output>
        </test-method> <!-- teardown -->
      </class> <!-- Excelexample.Dataproviderclass -->
    </test> <!-- BingSearchTest -->
  </suite> <!-- ExcelDataProviderSuite -->
</testng-results>
