<?xml version="1.0" encoding="UTF-8"?>
<!-- Generated by org.testng.reporters.JUnitXMLReporter -->
<testsuite ignored="0" hostname="DESKTOP-7IL8GUR" failures="0" tests="3" name="BingSearchTest" time="67.632" errors="0" timestamp="2025-03-25T16:24:56 IST">
  <testcase classname="Excelexample.Dataproviderclass" name="search" time="9.739"/>
  <testcase classname="Excelexample.Dataproviderclass" name="search" time="7.403"/>
  <testcase classname="Excelexample.Dataproviderclass" name="search" time="11.079"/>
</testsuite> <!-- BingSearchTest -->
