<?xml version="1.0" encoding="UTF-8"?>
<!-- Generated by org.testng.reporters.JUnitXMLReporter -->
<testsuite ignored="0" hostname="DESKTOP-7IL8GUR" failures="0" tests="3" name="OrangeHRM Test" time="38.917" errors="0" timestamp="2025-03-25T06:20:52 IST">
  <testcase classname="Pomexample.Orange" name="validation" time="6.903"/>
  <testcase classname="Pomexample.Orange" name="verification" time="3.754"/>
  <testcase classname="Pomexample.Pompractice1" name="testSearch" time="4.09"/>
</testsuite> <!-- OrangeHRM Test -->
