<?xml version="1.0" encoding="UTF-8"?>
<!-- Generated by org.testng.reporters.JUnitXMLReporter -->
<testsuite ignored="0" hostname="DESKTOP-7IL8GUR" failures="0" tests="2" name="Test1" time="8.694" errors="0" timestamp="2025-03-25T10:33:54 IST">
  <testcase classname="TestNGBasics.Practice" name="validation" time="0.001">
    <skipped/>
  </testcase> <!-- validation -->
  <testcase classname="TestNGBasics.Practice" name="verification" time="0.001">
    <skipped/>
  </testcase> <!-- verification -->
</testsuite> <!-- Test1 -->
