<?xml version="1.0" encoding="UTF-8"?>
<testng-results ignored="0" total="3" passed="3" failed="0" skipped="0">
  <reporter-output>
  </reporter-output>
  <suite started-at="2025-03-25T06:20:13 IST" name="Suite" finished-at="2025-03-25T06:20:52 IST" duration-ms="38917">
    <groups>
    </groups>
    <test started-at="2025-03-25T06:20:13 IST" name="OrangeHRM Test" finished-at="2025-03-25T06:20:52 IST" duration-ms="38917">
      <class name="Pomexample.Orange">
        <test-method is-config="true" signature="before(java.lang.String)[pri:0, instance:Pomexample.Orange@4c402120]" started-at="2025-03-25T06:20:13 IST" name="before" finished-at="2025-03-25T06:20:25 IST" duration-ms="11953" status="PASS">
          <params>
            <param index="0">
              <value>
                <![CDATA[chrome]]>
              </value>
            </param>
          </params>
          <reporter-output>
          </reporter-output>
        </test-method> <!-- before -->
        <test-method signature="validation()[pri:0, instance:Pomexample.Orange@4c402120]" started-at="2025-03-25T06:20:25 IST" name="validation" finished-at="2025-03-25T06:20:32 IST" duration-ms="6903" status="PASS">
          <reporter-output>
          </reporter-output>
        </test-method> <!-- validation -->
        <test-method signature="verification()[pri:0, instance:Pomexample.Orange@4c402120]" started-at="2025-03-25T06:20:32 IST" name="verification" finished-at="2025-03-25T06:20:36 IST" duration-ms="3754" status="PASS">
          <reporter-output>
          </reporter-output>
        </test-method> <!-- verification -->
        <test-method is-config="true" signature="afterMethod()[pri:0, instance:Pomexample.Orange@4c402120]" started-at="2025-03-25T06:20:51 IST" name="afterMethod" finished-at="2025-03-25T06:20:52 IST" duration-ms="777" status="PASS">
          <reporter-output>
          </reporter-output>
        </test-method> <!-- afterMethod -->
      </class> <!-- Pomexample.Orange -->
      <class name="Pomexample.Pompractice1">
        <test-method is-config="true" signature="setup()[pri:0, instance:Pomexample.Pompractice1@3b69e7d1]" started-at="2025-03-25T06:20:25 IST" name="setup" finished-at="2025-03-25T06:20:46 IST" duration-ms="20282" status="PASS">
          <reporter-output>
          </reporter-output>
        </test-method> <!-- setup -->
        <test-method signature="testSearch()[pri:0, instance:Pomexample.Pompractice1@3b69e7d1]" started-at="2025-03-25T06:20:46 IST" name="testSearch" finished-at="2025-03-25T06:20:50 IST" duration-ms="4090" status="PASS">
          <reporter-output>
          </reporter-output>
        </test-method> <!-- testSearch -->
        <test-method is-config="true" signature="tearDown()[pri:0, instance:Pomexample.Pompractice1@3b69e7d1]" started-at="2025-03-25T06:20:50 IST" name="tearDown" finished-at="2025-03-25T06:20:51 IST" duration-ms="1536" status="PASS">
          <reporter-output>
          </reporter-output>
        </test-method> <!-- tearDown -->
      </class> <!-- Pomexample.Pompractice1 -->
    </test> <!-- OrangeHRM Test -->
  </suite> <!-- Suite -->
</testng-results>
