<?xml version="1.0" encoding="UTF-8"?>
<testng-results ignored="0" total="1" passed="1" failed="0" skipped="0">
  <reporter-output>
  </reporter-output>
  <suite started-at="2025-03-21T07:07:45 IST" name="Default suite" finished-at="2025-03-21T07:08:10 IST" duration-ms="24810">
    <groups>
    </groups>
    <test started-at="2025-03-21T07:07:45 IST" name="Default test" finished-at="2025-03-21T07:08:10 IST" duration-ms="24810">
      <class name="TestNGBasics.Assertion">
        <test-method is-config="true" signature="beforeTest()[pri:0, instance:TestNGBasics.Assertion@327514f]" started-at="2025-03-21T07:07:45 IST" name="beforeTest" finished-at="2025-03-21T07:08:08 IST" duration-ms="22238" status="PASS">
          <reporter-output>
          </reporter-output>
        </test-method> <!-- beforeTest -->
        <test-method signature="f()[pri:0, instance:TestNGBasics.Assertion@327514f]" started-at="2025-03-21T07:08:08 IST" name="f" finished-at="2025-03-21T07:08:08 IST" duration-ms="251" status="PASS">
          <reporter-output>
          </reporter-output>
        </test-method> <!-- f -->
        <test-method is-config="true" signature="afterTest()[pri:0, instance:TestNGBasics.Assertion@327514f]" started-at="2025-03-21T07:08:08 IST" name="afterTest" finished-at="2025-03-21T07:08:10 IST" duration-ms="2098" status="PASS">
          <reporter-output>
          </reporter-output>
        </test-method> <!-- afterTest -->
      </class> <!-- TestNGBasics.Assertion -->
    </test> <!-- Default test -->
  </suite> <!-- Default suite -->
</testng-results>
